Arguments: 
  C:\Program Files\nodejs\node.exe C:\Users\maxin\AppData\Roaming\npm\node_modules\yarn\bin\yarn.js add vuex@next --save

PATH: 
  D:\cmder\vendor\bin;D:\cmder\vendor\conemu-maximus5\ConEmu\Scripts;D:\cmder\vendor\conemu-maximus5;D:\cmder\vendor\conemu-maximus5\ConEmu;E:\Xshell\;C:\Python38\Scripts\;C:\Python38\;C:\WINDOWS\system32;C:\WINDOWS;C:\WINDOWS\System32\Wbem;C:\WINDOWS\System32\WindowsPowerShell\v1.0\;C:\WINDOWS\System32\OpenSSH\;C:\Program Files\nodejs\;C:\ProgramData\chocolatey\bin;E:\git\Git\cmd;D:\cmder;E:\mongoDB\bin;C:\Program Files\MySQL\MySQL Server 8.0\bin;C:\Program Files\MySQL\MySQL Shell 8.0\bin\;C:\Users\maxin\.windows-build-tools\python27\;C:\Users\maxin\AppData\Local\Microsoft\WindowsApps;C:\Users\maxin\AppData\Roaming\npm;E:\vscode\Microsoft VS Code\bin;D:\Bandizip\;%USERPROFILE%\AppData\Local\Microsoft\WindowsApps;E:\git\Git\mingw64\bin;E:\git\Git\usr\bin

Yarn version: 
  1.22.4

Node version: 
  14.8.0

Platform: 
  win32 x64

Trace: 
  Error: EPERM: operation not permitted, unlink 'E:\demo\练习项目\v3-ts\node_modules\esbuild\esbuild.exe'

npm manifest: 
  {
    "name": "v3-ts",
    "version": "0.0.0",
    "scripts": {
      "dev": "vite",
      "build": "vue-tsc --noEmit && vite build",
      "serve": "vite preview"
    },
    "dependencies": {
      "vant": "^3.1.5",
      "vue": "^3.0.5",
      "vue-router": "4.0.1"
    },
    "devDependencies": {
      "@vitejs/plugin-vue": "^1.3.0",
      "@vue/compiler-sfc": "^3.0.5",
      "less": "^4.1.1",
      "less-loader": "^10.0.1",
      "typescript": "^4.3.2",
      "vite": "^2.4.4",
      "vite-plugin-style-import": "^1.1.0",
      "vue-tsc": "^0.2.2"
    }
  }

yarn manifest: 
  No manifest

Lockfile: 
  # THIS IS AN AUTOGENERATED FILE. DO NOT EDIT THIS FILE DIRECTLY.
  # yarn lockfile v1
  
  
  "@babel/helper-validator-identifier@^7.14.9":
    "integrity" "sha1-ZlTRcbICT22O4VG/JQlpmRkTHUg="
    "resolved" "https://registry.nlark.com/@babel/helper-validator-identifier/download/@babel/helper-validator-identifier-7.14.9.tgz"
    "version" "7.14.9"
  
  "@babel/parser@^7.12.0", "@babel/parser@^7.13.9", "@babel/parser@^7.6.0", "@babel/parser@^7.9.6":
    "integrity" "sha1-WWwa1nYIBwBY6/jfUMHq9l24laQ="
    "resolved" "https://registry.nlark.com/@babel/parser/download/@babel/parser-7.14.9.tgz?cache=0&sync_timestamp=1627804432293&other_urls=https%3A%2F%2Fregistry.nlark.com%2F%40babel%2Fparser%2Fdownload%2F%40babel%2Fparser-7.14.9.tgz"
    "version" "7.14.9"
  
  "@babel/types@^7.12.0", "@babel/types@^7.13.0", "@babel/types@^7.6.1", "@babel/types@^7.9.6":
    "integrity" "sha1-8rGcPy93xXCNZ/6PYEbpzqK1A20="
    "resolved" "https://registry.nlark.com/@babel/types/download/@babel/types-7.14.9.tgz?cache=0&sync_timestamp=1627804536751&other_urls=https%3A%2F%2Fregistry.nlark.com%2F%40babel%2Ftypes%2Fdownload%2F%40babel%2Ftypes-7.14.9.tgz"
    "version" "7.14.9"
    dependencies:
      "@babel/helper-validator-identifier" "^7.14.9"
      "to-fast-properties" "^2.0.0"
  
  "@emmetio/abbreviation@^2.2.2":
    "integrity" "sha1-dGdi/Z56jC6mBPWAxi48/iUOaYk="
    "resolved" "https://registry.nlark.com/@emmetio/abbreviation/download/@emmetio/abbreviation-2.2.2.tgz"
    "version" "2.2.2"
    dependencies:
      "@emmetio/scanner" "^1.0.0"
  
  "@emmetio/css-abbreviation@^2.1.4":
    "integrity" "sha1-kDYuihEizjt29sMVeQfTAYL1P1Q="
    "resolved" "https://registry.nlark.com/@emmetio/css-abbreviation/download/@emmetio/css-abbreviation-2.1.4.tgz"
    "version" "2.1.4"
    dependencies:
      "@emmetio/scanner" "^1.0.0"
  
  "@emmetio/scanner@^1.0.0":
    "integrity" "sha1-Blsq9iM/50dNRII+PeuJckr0K18="
    "resolved" "https://registry.npm.taobao.org/@emmetio/scanner/download/@emmetio/scanner-1.0.0.tgz"
    "version" "1.0.0"
  
  "@popperjs/core@^2.9.2":
    "integrity" "sha1-i2jaHr1/xgOZnPbr7jSkiZoUuI4="
    "resolved" "https://registry.nlark.com/@popperjs/core/download/@popperjs/core-2.9.3.tgz?cache=0&sync_timestamp=1628004507787&other_urls=https%3A%2F%2Fregistry.nlark.com%2F%40popperjs%2Fcore%2Fdownload%2F%40popperjs%2Fcore-2.9.3.tgz"
    "version" "2.9.3"
  
  "@rollup/pluginutils@^4.1.1":
    "integrity" "sha1-HU2obdTt7RVlalfZM/2iuaCNR+w="
    "resolved" "https://registry.nlark.com/@rollup/pluginutils/download/@rollup/pluginutils-4.1.1.tgz?cache=0&sync_timestamp=1626393703548&other_urls=https%3A%2F%2Fregistry.nlark.com%2F%40rollup%2Fpluginutils%2Fdownload%2F%40rollup%2Fpluginutils-4.1.1.tgz"
    "version" "4.1.1"
    dependencies:
      "estree-walker" "^2.0.1"
      "picomatch" "^2.2.2"
  
  "@types/estree@^0.0.48":
    "integrity" "sha1-GNyAkbKF35DbLyWqfZBs/DlLf3Q="
    "resolved" "https://registry.nlark.com/@types/estree/download/@types/estree-0.0.48.tgz"
    "version" "0.0.48"
  
  "@vant/icons@^1.7.0":
    "integrity" "sha1-AtQnUyqBQsNdsVnanDZP5okMOsk="
    "resolved" "https://registry.nlark.com/@vant/icons/download/@vant/icons-1.7.0.tgz?cache=0&sync_timestamp=1626958553251&other_urls=https%3A%2F%2Fregistry.nlark.com%2F%40vant%2Ficons%2Fdownload%2F%40vant%2Ficons-1.7.0.tgz"
    "version" "1.7.0"
  
  "@vant/lazyload@^1.2.0":
    "integrity" "sha1-Yul3m9eEStj3HCyiv4UuYUfHqG0="
    "resolved" "https://registry.nlark.com/@vant/lazyload/download/@vant/lazyload-1.2.0.tgz?cache=0&sync_timestamp=1620007499934&other_urls=https%3A%2F%2Fregistry.nlark.com%2F%40vant%2Flazyload%2Fdownload%2F%40vant%2Flazyload-1.2.0.tgz"
    "version" "1.2.0"
  
  "@vant/popperjs@^1.1.0":
    "integrity" "sha1-tO3uW7+m+xhwWYbjE9T9XxeUKg8="
    "resolved" "https://registry.npm.taobao.org/@vant/popperjs/download/@vant/popperjs-1.1.0.tgz?cache=0&sync_timestamp=1617712371368&other_urls=https%3A%2F%2Fregistry.npm.taobao.org%2F%40vant%2Fpopperjs%2Fdownload%2F%40vant%2Fpopperjs-1.1.0.tgz"
    "version" "1.1.0"
    dependencies:
      "@popperjs/core" "^2.9.2"
  
  "@vant/use@^1.2.2":
    "integrity" "sha1-ABzRZbgxya+bBSKS7Q2cuK9OBoI="
    "resolved" "https://registry.nlark.com/@vant/use/download/@vant/use-1.2.2.tgz"
    "version" "1.2.2"
  
  "@vitejs/plugin-vue@^1.3.0":
    "integrity" "sha1-/ImmybWlFXkWr+zk7cj7Vb8bvEI="
    "resolved" "https://registry.nlark.com/@vitejs/plugin-vue/download/@vitejs/plugin-vue-1.3.0.tgz"
    "version" "1.3.0"
  
  "@volar/code-gen@^0.26.10":
    "integrity" "sha1-F7G4vplWZMYVsBnWlOkgK3qx7Wg="
    "resolved" "https://registry.nlark.com/@volar/code-gen/download/@volar/code-gen-0.26.10.tgz"
    "version" "0.26.10"
    dependencies:
      "@volar/shared" "^0.26.10"
      "@volar/source-map" "^0.26.10"
  
  "@volar/html2pug@^0.26.10":
    "integrity" "sha1-lLSiiEnBpN5as93NTRFnoEyLSI4="
    "resolved" "https://registry.nlark.com/@volar/html2pug/download/@volar/html2pug-0.26.10.tgz"
    "version" "0.26.10"
    dependencies:
      "domelementtype" "^2.2.0"
      "domhandler" "^4.2.0"
      "htmlparser2" "^6.1.0"
      "pug" "^3.0.2"
  
  "@volar/shared@^0.26.10":
    "integrity" "sha1-HkZBPBCWEAQt4LDqTSCljR0B4wg="
    "resolved" "https://registry.nlark.com/@volar/shared/download/@volar/shared-0.26.10.tgz"
    "version" "0.26.10"
    dependencies:
      "upath" "^2.0.1"
      "vscode-jsonrpc" "^8.0.0-next.1"
  
  "@volar/source-map@^0.26.10":
    "integrity" "sha1-1XcsVQuZw2CmHfM2jJJQDJS4+bk="
    "resolved" "https://registry.nlark.com/@volar/source-map/download/@volar/source-map-0.26.10.tgz"
    "version" "0.26.10"
    dependencies:
      "@volar/shared" "^0.26.10"
  
  "@volar/transforms@^0.26.10":
    "integrity" "sha1-2/Y+2U5rfng5wJkWSq8RGmGkwNg="
    "resolved" "https://registry.nlark.com/@volar/transforms/download/@volar/transforms-0.26.10.tgz"
    "version" "0.26.10"
    dependencies:
      "@volar/shared" "^0.26.10"
  
  "@vue/compiler-core@3.1.5":
    "integrity" "sha1-KY+QW2Bl1tgf9jdW+Yxgh2s5PIc="
    "resolved" "https://registry.nlark.com/@vue/compiler-core/download/@vue/compiler-core-3.1.5.tgz"
    "version" "3.1.5"
    dependencies:
      "@babel/parser" "^7.12.0"
      "@babel/types" "^7.12.0"
      "@vue/shared" "3.1.5"
      "estree-walker" "^2.0.1"
      "source-map" "^0.6.1"
  
  "@vue/compiler-core@3.2.0-beta.7":
    "integrity" "sha1-u1UemeIHw+aUvWsoPLWioqrn9SE="
    "resolved" "https://registry.nlark.com/@vue/compiler-core/download/@vue/compiler-core-3.2.0-beta.7.tgz"
    "version" "3.2.0-beta.7"
    dependencies:
      "@babel/parser" "^7.12.0"
      "@babel/types" "^7.12.0"
      "@vue/shared" "3.2.0-beta.7"
      "estree-walker" "^2.0.1"
      "source-map" "^0.6.1"
  
  "@vue/compiler-dom@^3.2.0-beta.5", "@vue/compiler-dom@3.2.0-beta.7":
    "integrity" "sha1-IJl5cga193PpSYAd0dajvXPRdM4="
    "resolved" "https://registry.nlark.com/@vue/compiler-dom/download/@vue/compiler-dom-3.2.0-beta.7.tgz"
    "version" "3.2.0-beta.7"
    dependencies:
      "@vue/compiler-core" "3.2.0-beta.7"
      "@vue/shared" "3.2.0-beta.7"
  
  "@vue/compiler-dom@3.1.5":
    "integrity" "sha1-y7lwIMYqX6o/vCqXkWvZgEGsmFY="
    "resolved" "https://registry.nlark.com/@vue/compiler-dom/download/@vue/compiler-dom-3.1.5.tgz"
    "version" "3.1.5"
    dependencies:
      "@vue/compiler-core" "3.1.5"
      "@vue/shared" "3.1.5"
  
  "@vue/compiler-sfc@^3.0.5", "@vue/compiler-sfc@^3.0.8":
    "integrity" "sha1-5h5U86ljsPSo5SP7uGMjkNxSsNY="
    "resolved" "https://registry.nlark.com/@vue/compiler-sfc/download/@vue/compiler-sfc-3.1.5.tgz"
    "version" "3.1.5"
    dependencies:
      "@babel/parser" "^7.13.9"
      "@babel/types" "^7.13.0"
      "@types/estree" "^0.0.48"
      "@vue/compiler-core" "3.1.5"
      "@vue/compiler-dom" "3.1.5"
      "@vue/compiler-ssr" "3.1.5"
      "@vue/shared" "3.1.5"
      "consolidate" "^0.16.0"
      "estree-walker" "^2.0.1"
      "hash-sum" "^2.0.0"
      "lru-cache" "^5.1.1"
      "magic-string" "^0.25.7"
      "merge-source-map" "^1.1.0"
      "postcss" "^8.1.10"
      "postcss-modules" "^4.0.0"
      "postcss-selector-parser" "^6.0.4"
      "source-map" "^0.6.1"
  
  "@vue/compiler-sfc@^3.2.0-beta.5":
    "integrity" "sha1-bwSis341ivzXeRto767/0L8Zjd0="
    "resolved" "https://registry.nlark.com/@vue/compiler-sfc/download/@vue/compiler-sfc-3.2.0-beta.7.tgz"
    "version" "3.2.0-beta.7"
    dependencies:
      "@babel/parser" "^7.13.9"
      "@babel/types" "^7.13.0"
      "@types/estree" "^0.0.48"
      "@vue/compiler-core" "3.2.0-beta.7"
      "@vue/compiler-dom" "3.2.0-beta.7"
      "@vue/compiler-ssr" "3.2.0-beta.7"
      "@vue/shared" "3.2.0-beta.7"
      "consolidate" "^0.16.0"
      "estree-walker" "^2.0.1"
      "hash-sum" "^2.0.0"
      "lru-cache" "^5.1.1"
      "magic-string" "^0.25.7"
      "merge-source-map" "^1.1.0"
      "postcss" "^8.1.10"
      "postcss-modules" "^4.0.0"
      "postcss-selector-parser" "^6.0.4"
      "source-map" "^0.6.1"
  
  "@vue/compiler-ssr@3.1.5":
    "integrity" "sha1-8GhlJ3QpMlah5TCEvtSKZ2gt+dI="
    "resolved" "https://registry.nlark.com/@vue/compiler-ssr/download/@vue/compiler-ssr-3.1.5.tgz"
    "version" "3.1.5"
    dependencies:
      "@vue/compiler-dom" "3.1.5"
      "@vue/shared" "3.1.5"
  
  "@vue/compiler-ssr@3.2.0-beta.7":
    "integrity" "sha1-Gkar+LzTGWwsmtFJBjwAxGGfHiQ="
    "resolved" "https://registry.nlark.com/@vue/compiler-ssr/download/@vue/compiler-ssr-3.2.0-beta.7.tgz"
    "version" "3.2.0-beta.7"
    dependencies:
      "@vue/compiler-dom" "3.2.0-beta.7"
      "@vue/shared" "3.2.0-beta.7"
  
  "@vue/reactivity@^3.2.0-beta.5":
    "integrity" "sha1-BskWMV87dK5kAEDdt1ly2ilGf4Q="
    "resolved" "https://registry.nlark.com/@vue/reactivity/download/@vue/reactivity-3.2.0-beta.7.tgz"
    "version" "3.2.0-beta.7"
    dependencies:
      "@vue/shared" "3.2.0-beta.7"
  
  "@vue/reactivity@3.1.5":
    "integrity" "sha1-2+xNlVf3yPJcJjXbHiOninKeuZE="
    "resolved" "https://registry.nlark.com/@vue/reactivity/download/@vue/reactivity-3.1.5.tgz"
    "version" "3.1.5"
    dependencies:
      "@vue/shared" "3.1.5"
  
  "@vue/runtime-core@3.1.5":
    "integrity" "sha1-pUW38UYJKSnLXoM+hUORUPF6yHs="
    "resolved" "https://registry.nlark.com/@vue/runtime-core/download/@vue/runtime-core-3.1.5.tgz"
    "version" "3.1.5"
    dependencies:
      "@vue/reactivity" "3.1.5"
      "@vue/shared" "3.1.5"
  
  "@vue/runtime-dom@3.1.5":
    "integrity" "sha1-T6KJR9QIqjaPoX6g7cG+ua8UcqE="
    "resolved" "https://registry.nlark.com/@vue/runtime-dom/download/@vue/runtime-dom-3.1.5.tgz"
    "version" "3.1.5"
    dependencies:
      "@vue/runtime-core" "3.1.5"
      "@vue/shared" "3.1.5"
      "csstype" "^2.6.8"
  
  "@vue/shared@^3.2.0-beta.5":
    "integrity" "sha1-wnUrrFFHa/2cYFD0pel8KOtm8no="
    "resolved" "https://registry.nlark.com/@vue/shared/download/@vue/shared-3.2.0-beta.5.tgz"
    "version" "3.2.0-beta.5"
  
  "@vue/shared@3.1.5":
    "integrity" "sha1-dO46rZldCjmWpruVM9TSgFFO3gM="
    "resolved" "https://registry.nlark.com/@vue/shared/download/@vue/shared-3.1.5.tgz"
    "version" "3.1.5"
  
  "@vue/shared@3.2.0-beta.7":
    "integrity" "sha1-C853YnHzKeZYL82gDWHUvPHGC1I="
    "resolved" "https://registry.nlark.com/@vue/shared/download/@vue/shared-3.2.0-beta.7.tgz"
    "version" "3.2.0-beta.7"
  
  "acorn@^7.1.1":
    "integrity" "sha1-/q7SVZc9LndVW4PbwIhRpsY1IPo="
    "resolved" "https://registry.nlark.com/acorn/download/acorn-7.4.1.tgz"
    "version" "7.4.1"
  
  "asap@~2.0.3":
    "integrity" "sha1-5QNHYR1+aQlDIIu9r+vLwvuGbUY="
    "resolved" "https://registry.npm.taobao.org/asap/download/asap-2.0.6.tgz"
    "version" "2.0.6"
  
  "assert-never@^1.2.1":
    "integrity" "sha1-EfDjY78UYgX7CBk7XHuQ9NHPRP4="
    "resolved" "https://registry.npm.taobao.org/assert-never/download/assert-never-1.2.1.tgz"
    "version" "1.2.1"
  
  "babel-walk@3.0.0-canary-5":
    "integrity" "sha1-9m7Ncpg1eu5ElV8jWm71QhkQSxE="
    "resolved" "https://registry.npm.taobao.org/babel-walk/download/babel-walk-3.0.0-canary-5.tgz"
    "version" "3.0.0-canary-5"
    dependencies:
      "@babel/types" "^7.9.6"
  
  "big.js@^5.2.2":
    "integrity" "sha1-ZfCvOC9Xi83HQr2cKB6cstd2gyg="
    "resolved" "https://registry.nlark.com/big.js/download/big.js-5.2.2.tgz"
    "version" "5.2.2"
  
  "bluebird@^3.7.2":
    "integrity" "sha1-nyKcFb4nJFT/qXOs4NvueaGww28="
    "resolved" "https://registry.nlark.com/bluebird/download/bluebird-3.7.2.tgz?cache=0&sync_timestamp=1618847007562&other_urls=https%3A%2F%2Fregistry.nlark.com%2Fbluebird%2Fdownload%2Fbluebird-3.7.2.tgz"
    "version" "3.7.2"
  
  "call-bind@^1.0.2":
    "integrity" "sha1-sdTonmiBGcPJqQOtMKuy9qkZvjw="
    "resolved" "https://registry.nlark.com/call-bind/download/call-bind-1.0.2.tgz"
    "version" "1.0.2"
    dependencies:
      "function-bind" "^1.1.1"
      "get-intrinsic" "^1.0.2"
  
  "camel-case@^4.1.2":
    "integrity" "sha1-lygHKpVPgFIoIlpt7qazhGHhvVo="
    "resolved" "https://registry.nlark.com/camel-case/download/camel-case-4.1.2.tgz"
    "version" "4.1.2"
    dependencies:
      "pascal-case" "^3.1.2"
      "tslib" "^2.0.3"
  
  "capital-case@^1.0.4":
    "integrity" "sha1-nRMCkjU8kkn2sA+lhSvuOKcX5mk="
    "resolved" "https://registry.npm.taobao.org/capital-case/download/capital-case-1.0.4.tgz?cache=0&sync_timestamp=1606867325844&other_urls=https%3A%2F%2Fregistry.npm.taobao.org%2Fcapital-case%2Fdownload%2Fcapital-case-1.0.4.tgz"
    "version" "1.0.4"
    dependencies:
      "no-case" "^3.0.4"
      "tslib" "^2.0.3"
      "upper-case-first" "^2.0.2"
  
  "change-case@^4.1.2":
    "integrity" "sha1-/t/F8TYEXiOYwEEO5EH5VwRkHhI="
    "resolved" "https://registry.nlark.com/change-case/download/change-case-4.1.2.tgz"
    "version" "4.1.2"
    dependencies:
      "camel-case" "^4.1.2"
      "capital-case" "^1.0.4"
      "constant-case" "^3.0.4"
      "dot-case" "^3.0.4"
      "header-case" "^2.0.4"
      "no-case" "^3.0.4"
      "param-case" "^3.0.4"
      "pascal-case" "^3.1.2"
      "path-case" "^3.0.4"
      "sentence-case" "^3.0.4"
      "snake-case" "^3.0.4"
      "tslib" "^2.0.3"
  
  "character-parser@^2.2.0":
    "integrity" "sha1-x84o821LzZdE5f/CxfzeHHMmH8A="
    "resolved" "https://registry.npm.taobao.org/character-parser/download/character-parser-2.2.0.tgz"
    "version" "2.2.0"
    dependencies:
      "is-regex" "^1.0.3"
  
  "colorette@^1.2.2":
    "integrity" "sha1-y8x51emcrqLb8Q6zom/Ys+as+pQ="
    "resolved" "https://registry.nlark.com/colorette/download/colorette-1.2.2.tgz"
    "version" "1.2.2"
  
  "consolidate@^0.16.0":
    "integrity" "sha1-oRhkdokw8vGUMWYKZZBmaPX73BY="
    "resolved" "https://registry.nlark.com/consolidate/download/consolidate-0.16.0.tgz"
    "version" "0.16.0"
    dependencies:
      "bluebird" "^3.7.2"
  
  "constant-case@^3.0.4":
    "integrity" "sha1-O4Sprq9M8x7EXmv13pG9+wWJ+vE="
    "resolved" "https://registry.npm.taobao.org/constant-case/download/constant-case-3.0.4.tgz?cache=0&sync_timestamp=1606867325763&other_urls=https%3A%2F%2Fregistry.npm.taobao.org%2Fconstant-case%2Fdownload%2Fconstant-case-3.0.4.tgz"
    "version" "3.0.4"
    dependencies:
      "no-case" "^3.0.4"
      "tslib" "^2.0.3"
      "upper-case" "^2.0.2"
  
  "constantinople@^4.0.1":
    "integrity" "sha1-De8RP6Dk3I3oMzGlz3nIsyUhMVE="
    "resolved" "https://registry.npm.taobao.org/constantinople/download/constantinople-4.0.1.tgz"
    "version" "4.0.1"
    dependencies:
      "@babel/parser" "^7.6.0"
      "@babel/types" "^7.6.1"
  
  "copy-anything@^2.0.1":
    "integrity" "sha1-hCQHugJGaw34RIGbvjuuu+XUXYc="
    "resolved" "https://registry.nlark.com/copy-anything/download/copy-anything-2.0.3.tgz"
    "version" "2.0.3"
    dependencies:
      "is-what" "^3.12.0"
  
  "cssesc@^3.0.0":
    "integrity" "sha1-N3QZGZA7hoVl4cCep0dEXNGJg+4="
    "resolved" "https://registry.npm.taobao.org/cssesc/download/cssesc-3.0.0.tgz"
    "version" "3.0.0"
  
  "csstype@^2.6.8":
    "integrity" "sha1-TPMOuH4dGgBdi2UQ+VKSQT9qHA4="
    "resolved" "https://registry.nlark.com/csstype/download/csstype-2.6.17.tgz"
    "version" "2.6.17"
  
  "debug@^3.2.6":
    "integrity" "sha1-clgLfpFF+zm2Z2+cXl+xALk0F5o="
    "resolved" "https://registry.nlark.com/debug/download/debug-3.2.7.tgz"
    "version" "3.2.7"
    dependencies:
      "ms" "^2.1.1"
  
  "debug@^4.3.2":
    "integrity" "sha1-8KScGKyHeeMdSgxgKd+3aHPHQos="
    "resolved" "https://registry.nlark.com/debug/download/debug-4.3.2.tgz"
    "version" "4.3.2"
    dependencies:
      "ms" "2.1.2"
  
  "doctypes@^1.1.0":
    "integrity" "sha1-6oCxBqh1OHdOijpKWv4pPeSJ4Kk="
    "resolved" "https://registry.nlark.com/doctypes/download/doctypes-1.1.0.tgz"
    "version" "1.1.0"
  
  "dom-serializer@^1.0.1":
    "integrity" "sha1-YgZDfTLO767HFhgDIwx6ILwbTZE="
    "resolved" "https://registry.nlark.com/dom-serializer/download/dom-serializer-1.3.2.tgz?cache=0&sync_timestamp=1621256830355&other_urls=https%3A%2F%2Fregistry.nlark.com%2Fdom-serializer%2Fdownload%2Fdom-serializer-1.3.2.tgz"
    "version" "1.3.2"
    dependencies:
      "domelementtype" "^2.0.1"
      "domhandler" "^4.2.0"
      "entities" "^2.0.0"
  
  "domelementtype@^2.0.1", "domelementtype@^2.2.0":
    "integrity" "sha1-mgtsJ4LtahxzI9QiZxg9+b2LHVc="
    "resolved" "https://registry.npm.taobao.org/domelementtype/download/domelementtype-2.2.0.tgz?cache=0&sync_timestamp=1617298545989&other_urls=https%3A%2F%2Fregistry.npm.taobao.org%2Fdomelementtype%2Fdownload%2Fdomelementtype-2.2.0.tgz"
    "version" "2.2.0"
  
  "domhandler@^4.0.0", "domhandler@^4.2.0":
    "integrity" "sha1-+XaKXwNL5gqJonwuTQ9066DYsFk="
    "resolved" "https://registry.npm.taobao.org/domhandler/download/domhandler-4.2.0.tgz?cache=0&sync_timestamp=1618563954924&other_urls=https%3A%2F%2Fregistry.npm.taobao.org%2Fdomhandler%2Fdownload%2Fdomhandler-4.2.0.tgz"
    "version" "4.2.0"
    dependencies:
      "domelementtype" "^2.2.0"
  
  "domutils@^2.5.2":
    "integrity" "sha1-jrrwxB66/PVbC3LsMcVjI3EsVEI="
    "resolved" "https://registry.nlark.com/domutils/download/domutils-2.7.0.tgz"
    "version" "2.7.0"
    dependencies:
      "dom-serializer" "^1.0.1"
      "domelementtype" "^2.2.0"
      "domhandler" "^4.2.0"
  
  "dot-case@^3.0.4":
    "integrity" "sha1-mytnDQCkMWZ6inW6Kc0bmICc51E="
    "resolved" "https://registry.npm.taobao.org/dot-case/download/dot-case-3.0.4.tgz?cache=0&sync_timestamp=1606867327042&other_urls=https%3A%2F%2Fregistry.npm.taobao.org%2Fdot-case%2Fdownload%2Fdot-case-3.0.4.tgz"
    "version" "3.0.4"
    dependencies:
      "no-case" "^3.0.4"
      "tslib" "^2.0.3"
  
  "emmet@^2.3.0":
    "integrity" "sha1-W6DXpVaaaMdpffqJDHcuTzF50SM="
    "resolved" "https://registry.npm.taobao.org/emmet/download/emmet-2.3.4.tgz"
    "version" "2.3.4"
    dependencies:
      "@emmetio/abbreviation" "^2.2.2"
      "@emmetio/css-abbreviation" "^2.1.4"
  
  "emojis-list@^3.0.0":
    "integrity" "sha1-VXBmIEatKeLpFucariYKvf9Pang="
    "resolved" "https://registry.npm.taobao.org/emojis-list/download/emojis-list-3.0.0.tgz"
    "version" "3.0.0"
  
  "entities@^2.0.0":
    "integrity" "sha1-CY3JDruD2N/6CJ1VJWs1HTTE2lU="
    "resolved" "https://registry.npm.taobao.org/entities/download/entities-2.2.0.tgz"
    "version" "2.2.0"
  
  "errno@^0.1.1":
    "integrity" "sha1-i7Ppx9Rjvkl2/4iPdrSAnrwugR8="
    "resolved" "https://registry.nlark.com/errno/download/errno-0.1.8.tgz"
    "version" "0.1.8"
    dependencies:
      "prr" "~1.0.1"
  
  "es-module-lexer@^0.7.1":
    "integrity" "sha1-wsjg9G8t8GJ0za8N0/OzPgoLJn0="
    "resolved" "https://registry.nlark.com/es-module-lexer/download/es-module-lexer-0.7.1.tgz?cache=0&sync_timestamp=1625523919137&other_urls=https%3A%2F%2Fregistry.nlark.com%2Fes-module-lexer%2Fdownload%2Fes-module-lexer-0.7.1.tgz"
    "version" "0.7.1"
  
  "esbuild@^0.12.8":
    "integrity" "sha1-WBb5BcKQXeDrvGWIYN97W0ivvNM="
    "resolved" "https://registry.nlark.com/esbuild/download/esbuild-0.12.17.tgz"
    "version" "0.12.17"
  
  "estree-walker@^2.0.1":
    "integrity" "sha1-UvAQF4wqTBF6d1fP6UKtt9LaTKw="
    "resolved" "https://registry.npm.taobao.org/estree-walker/download/estree-walker-2.0.2.tgz?cache=0&sync_timestamp=1611956983677&other_urls=https%3A%2F%2Fregistry.npm.taobao.org%2Festree-walker%2Fdownload%2Festree-walker-2.0.2.tgz"
    "version" "2.0.2"
  
  "function-bind@^1.1.1":
    "integrity" "sha1-pWiZ0+o8m6uHS7l3O3xe3pL0iV0="
    "resolved" "https://registry.npm.taobao.org/function-bind/download/function-bind-1.1.1.tgz"
    "version" "1.1.1"
  
  "generic-names@^2.0.1":
    "integrity" "sha1-+KN46tLMqno08DF7BVVIMq5BuHI="
    "resolved" "https://registry.npm.taobao.org/generic-names/download/generic-names-2.0.1.tgz?cache=0&sync_timestamp=1603542269880&other_urls=https%3A%2F%2Fregistry.npm.taobao.org%2Fgeneric-names%2Fdownload%2Fgeneric-names-2.0.1.tgz"
    "version" "2.0.1"
    dependencies:
      "loader-utils" "^1.1.0"
  
  "get-intrinsic@^1.0.2":
    "integrity" "sha1-FfWfN2+FXERpY5SPDSTNNje0q8Y="
    "resolved" "https://registry.nlark.com/get-intrinsic/download/get-intrinsic-1.1.1.tgz"
    "version" "1.1.1"
    dependencies:
      "function-bind" "^1.1.1"
      "has" "^1.0.3"
      "has-symbols" "^1.0.1"
  
  "graceful-fs@^4.1.2":
    "integrity" "sha1-/wQLKwhTsjw9MQJ1I3BvGIXXa+4="
    "resolved" "https://registry.nlark.com/graceful-fs/download/graceful-fs-4.2.6.tgz"
    "version" "4.2.6"
  
  "has-symbols@^1.0.1", "has-symbols@^1.0.2":
    "integrity" "sha1-Fl0wcMADCXUqEjakeTMeOsVvFCM="
    "resolved" "https://registry.nlark.com/has-symbols/download/has-symbols-1.0.2.tgz"
    "version" "1.0.2"
  
  "has@^1.0.3":
    "integrity" "sha1-ci18v8H2qoJB8W3YFOAR4fQeh5Y="
    "resolved" "https://registry.nlark.com/has/download/has-1.0.3.tgz"
    "version" "1.0.3"
    dependencies:
      "function-bind" "^1.1.1"
  
  "hash-sum@^2.0.0":
    "integrity" "sha1-gdAbtd6OpKIUrV1urRtSNGCwtFo="
    "resolved" "https://registry.npm.taobao.org/hash-sum/download/hash-sum-2.0.0.tgz"
    "version" "2.0.0"
  
  "header-case@^2.0.4":
    "integrity" "sha1-WkLmO1UXc0nPQFvrjXdayruSwGM="
    "resolved" "https://registry.npm.taobao.org/header-case/download/header-case-2.0.4.tgz"
    "version" "2.0.4"
    dependencies:
      "capital-case" "^1.0.4"
      "tslib" "^2.0.3"
  
  "htmlparser2@^6.1.0":
    "integrity" "sha1-xNditsM3GgXb5l6UrkOp+EX7j7c="
    "resolved" "https://registry.nlark.com/htmlparser2/download/htmlparser2-6.1.0.tgz?cache=0&sync_timestamp=1618846794076&other_urls=https%3A%2F%2Fregistry.nlark.com%2Fhtmlparser2%2Fdownload%2Fhtmlparser2-6.1.0.tgz"
    "version" "6.1.0"
    dependencies:
      "domelementtype" "^2.0.1"
      "domhandler" "^4.0.0"
      "domutils" "^2.5.2"
      "entities" "^2.0.0"
  
  "iconv-lite@^0.4.4":
    "integrity" "sha1-ICK0sl+93CHS9SSXSkdKr+czkIs="
    "resolved" "https://registry.nlark.com/iconv-lite/download/iconv-lite-0.4.24.tgz"
    "version" "0.4.24"
    dependencies:
      "safer-buffer" ">= 2.1.2 < 3"
  
  "icss-replace-symbols@^1.1.0":
    "integrity" "sha1-Bupvg2ead0njhs/h/oEq5dsiPe0="
    "resolved" "https://registry.npm.taobao.org/icss-replace-symbols/download/icss-replace-symbols-1.1.0.tgz"
    "version" "1.1.0"
  
  "icss-utils@^5.0.0":
    "integrity" "sha1-xr5oWKvQE9do6YNmrkfiXViHsa4="
    "resolved" "https://registry.nlark.com/icss-utils/download/icss-utils-5.1.0.tgz"
    "version" "5.1.0"
  
  "image-size@~0.5.0":
    "integrity" "sha1-Cd/Uq50g4p6xw+gLiZA3jfnjy5w="
    "resolved" "https://registry.npm.taobao.org/image-size/download/image-size-0.5.5.tgz?cache=0&sync_timestamp=1618422657851&other_urls=https%3A%2F%2Fregistry.npm.taobao.org%2Fimage-size%2Fdownload%2Fimage-size-0.5.5.tgz"
    "version" "0.5.5"
  
  "is-core-module@^2.2.0":
    "integrity" "sha1-91SENhfHC/0pt72HMnQAzaXBhJE="
    "resolved" "https://registry.nlark.com/is-core-module/download/is-core-module-2.5.0.tgz"
    "version" "2.5.0"
    dependencies:
      "has" "^1.0.3"
  
  "is-expression@^4.0.0":
    "integrity" "sha1-wzFVliq/IdCv0lUlFNZ9LsFv0qs="
    "resolved" "https://registry.npm.taobao.org/is-expression/download/is-expression-4.0.0.tgz"
    "version" "4.0.0"
    dependencies:
      "acorn" "^7.1.1"
      "object-assign" "^4.1.1"
  
  "is-promise@^2.0.0":
    "integrity" "sha1-OauVnMv5p3TPB597QMeib3YxNfE="
    "resolved" "https://registry.nlark.com/is-promise/download/is-promise-2.2.2.tgz"
    "version" "2.2.2"
  
  "is-regex@^1.0.3":
    "integrity" "sha1-0Cn5r/ZEi5Prvj8z2scVEf3L758="
    "resolved" "https://registry.nlark.com/is-regex/download/is-regex-1.1.3.tgz"
    "version" "1.1.3"
    dependencies:
      "call-bind" "^1.0.2"
      "has-symbols" "^1.0.2"
  
  "is-what@^3.12.0":
    "integrity" "sha1-4SIvRt3ahd6tD9HJ3xMXYOd3VcE="
    "resolved" "https://registry.nlark.com/is-what/download/is-what-3.14.1.tgz"
    "version" "3.14.1"
  
  "js-stringify@^1.0.2":
    "integrity" "sha1-Fzb939lyTyijaCrcYjCufk6Weds="
    "resolved" "https://registry.npm.taobao.org/js-stringify/download/js-stringify-1.0.2.tgz"
    "version" "1.0.2"
  
  "json5@^1.0.1":
    "integrity" "sha1-d5+wAYYE+oVOrL9iUhgNg1Q+Pb4="
    "resolved" "https://registry.nlark.com/json5/download/json5-1.0.1.tgz"
    "version" "1.0.1"
    dependencies:
      "minimist" "^1.2.0"
  
  "jsonc-parser@^2.3.0":
    "integrity" "sha1-WVSRULEz8u+sykj+nOHsBlmvI0I="
    "resolved" "https://registry.npm.taobao.org/jsonc-parser/download/jsonc-parser-2.3.1.tgz?cache=0&sync_timestamp=1605281904422&other_urls=https%3A%2F%2Fregistry.npm.taobao.org%2Fjsonc-parser%2Fdownload%2Fjsonc-parser-2.3.1.tgz"
    "version" "2.3.1"
  
  "jsonc-parser@^3.0.0":
    "integrity" "sha1-q914VwHH5+rKip7IzwcMpRp0WiI="
    "resolved" "https://registry.npm.taobao.org/jsonc-parser/download/jsonc-parser-3.0.0.tgz?cache=0&sync_timestamp=1605281904422&other_urls=https%3A%2F%2Fregistry.npm.taobao.org%2Fjsonc-parser%2Fdownload%2Fjsonc-parser-3.0.0.tgz"
    "version" "3.0.0"
  
  "jstransformer@1.0.0":
    "integrity" "sha1-7Yvwkh4vPx7U1cGkT2hwntJHIsM="
    "resolved" "https://registry.npm.taobao.org/jstransformer/download/jstransformer-1.0.0.tgz"
    "version" "1.0.0"
    dependencies:
      "is-promise" "^2.0.0"
      "promise" "^7.0.1"
  
  "klona@^2.0.4":
    "integrity" "sha1-e7Hjr/sMuGJFR+9+j2cI6i4538A="
    "resolved" "https://registry.npm.taobao.org/klona/download/klona-2.0.4.tgz"
    "version" "2.0.4"
  
  "less-loader@^10.0.1":
    "integrity" "sha1-wFqrpo0AQAggJ18hwq2Hy5+pkj8="
    "resolved" "https://registry.nlark.com/less-loader/download/less-loader-10.0.1.tgz?cache=0&sync_timestamp=1625230455763&other_urls=https%3A%2F%2Fregistry.nlark.com%2Fless-loader%2Fdownload%2Fless-loader-10.0.1.tgz"
    "version" "10.0.1"
    dependencies:
      "klona" "^2.0.4"
  
  "less@^3.5.0 || ^4.0.0", "less@^4.1.1":
    "integrity" "sha1-Fb8lOpk5eR3GkIiMP/Qk8+bH7bo="
    "resolved" "https://registry.npm.taobao.org/less/download/less-4.1.1.tgz?cache=0&other_urls=https%3A%2F%2Fregistry.npm.taobao.org%2Fless%2Fdownload%2Fless-4.1.1.tgz"
    "version" "4.1.1"
    dependencies:
      "copy-anything" "^2.0.1"
      "parse-node-version" "^1.0.1"
      "tslib" "^1.10.0"
    optionalDependencies:
      "errno" "^0.1.1"
      "graceful-fs" "^4.1.2"
      "image-size" "~0.5.0"
      "make-dir" "^2.1.0"
      "mime" "^1.4.1"
      "needle" "^2.5.2"
      "source-map" "~0.6.0"
  
  "loader-utils@^1.1.0":
    "integrity" "sha1-xXm140yzSxp07cbB+za/o3HVphM="
    "resolved" "https://registry.nlark.com/loader-utils/download/loader-utils-1.4.0.tgz?cache=0&sync_timestamp=1618846812625&other_urls=https%3A%2F%2Fregistry.nlark.com%2Floader-utils%2Fdownload%2Floader-utils-1.4.0.tgz"
    "version" "1.4.0"
    dependencies:
      "big.js" "^5.2.2"
      "emojis-list" "^3.0.0"
      "json5" "^1.0.1"
  
  "lodash.camelcase@^4.3.0":
    "integrity" "sha1-soqmKIorn8ZRA1x3EfZathkDMaY="
    "resolved" "https://registry.npm.taobao.org/lodash.camelcase/download/lodash.camelcase-4.3.0.tgz"
    "version" "4.3.0"
  
  "lower-case@^2.0.2":
    "integrity" "sha1-b6I3xj29xKgsoP2ILkci3F5jTig="
    "resolved" "https://registry.npm.taobao.org/lower-case/download/lower-case-2.0.2.tgz"
    "version" "2.0.2"
    dependencies:
      "tslib" "^2.0.3"
  
  "lru-cache@^5.1.1":
    "integrity" "sha1-HaJ+ZxAnGUdpXa9oSOhH8B2EuSA="
    "resolved" "https://registry.nlark.com/lru-cache/download/lru-cache-5.1.1.tgz"
    "version" "5.1.1"
    dependencies:
      "yallist" "^3.0.2"
  
  "magic-string@^0.25.7":
    "integrity" "sha1-P0l9b9NMZpxnmNy4IfLvMfVEUFE="
    "resolved" "https://registry.nlark.com/magic-string/download/magic-string-0.25.7.tgz?cache=0&sync_timestamp=1618847046304&other_urls=https%3A%2F%2Fregistry.nlark.com%2Fmagic-string%2Fdownload%2Fmagic-string-0.25.7.tgz"
    "version" "0.25.7"
    dependencies:
      "sourcemap-codec" "^1.4.4"
  
  "make-dir@^2.1.0":
    "integrity" "sha1-XwMQ4YuL6JjMBwCSlaMK5B6R5vU="
    "resolved" "https://registry.npm.taobao.org/make-dir/download/make-dir-2.1.0.tgz"
    "version" "2.1.0"
    dependencies:
      "pify" "^4.0.1"
      "semver" "^5.6.0"
  
  "merge-source-map@^1.1.0":
    "integrity" "sha1-L93n5gIJOfcJBqaPLXrmheTIxkY="
    "resolved" "https://registry.nlark.com/merge-source-map/download/merge-source-map-1.1.0.tgz"
    "version" "1.1.0"
    dependencies:
      "source-map" "^0.6.1"
  
  "mime@^1.4.1":
    "integrity" "sha1-Ms2eXGRVO9WNGaVor0Uqz/BJgbE="
    "resolved" "https://registry.npm.taobao.org/mime/download/mime-1.6.0.tgz?cache=0&sync_timestamp=1615984369368&other_urls=https%3A%2F%2Fregistry.npm.taobao.org%2Fmime%2Fdownload%2Fmime-1.6.0.tgz"
    "version" "1.6.0"
  
  "minimist@^1.2.0":
    "integrity" "sha1-Z9ZgFLZqaoqqDAg8X9WN9OTpdgI="
    "resolved" "https://registry.nlark.com/minimist/download/minimist-1.2.5.tgz"
    "version" "1.2.5"
  
  "ms@^2.1.1":
    "integrity" "sha1-V0yBOM4dK1hh8LRFedut1gxmFbI="
    "resolved" "https://registry.nlark.com/ms/download/ms-2.1.3.tgz"
    "version" "2.1.3"
  
  "ms@2.1.2":
    "integrity" "sha1-0J0fNXtEP0kzgqjrPM0YOHKuYAk="
    "resolved" "https://registry.nlark.com/ms/download/ms-2.1.2.tgz"
    "version" "2.1.2"
  
  "nanoid@^3.1.23":
    "integrity" "sha1-90QIbOfCvEfuCoRyV01ceOQYOoE="
    "resolved" "https://registry.nlark.com/nanoid/download/nanoid-3.1.23.tgz"
    "version" "3.1.23"
  
  "needle@^2.5.2":
    "integrity" "sha1-HI75waLCncweg9c4Cde8aByAoEg="
    "resolved" "https://registry.nlark.com/needle/download/needle-2.8.0.tgz?cache=0&sync_timestamp=1625636253830&other_urls=https%3A%2F%2Fregistry.nlark.com%2Fneedle%2Fdownload%2Fneedle-2.8.0.tgz"
    "version" "2.8.0"
    dependencies:
      "debug" "^3.2.6"
      "iconv-lite" "^0.4.4"
      "sax" "^1.2.4"
  
  "no-case@^3.0.4":
    "integrity" "sha1-02H9XJgA9VhVGoNp/A3NRmK2Ek0="
    "resolved" "https://registry.npm.taobao.org/no-case/download/no-case-3.0.4.tgz"
    "version" "3.0.4"
    dependencies:
      "lower-case" "^2.0.2"
      "tslib" "^2.0.3"
  
  "object-assign@^4.1.1":
    "integrity" "sha1-IQmtx5ZYh8/AXLvUQsrIv7s2CGM="
    "resolved" "https://registry.nlark.com/object-assign/download/object-assign-4.1.1.tgz?cache=0&sync_timestamp=1618847043548&other_urls=https%3A%2F%2Fregistry.nlark.com%2Fobject-assign%2Fdownload%2Fobject-assign-4.1.1.tgz"
    "version" "4.1.1"
  
  "param-case@^3.0.4":
    "integrity" "sha1-fRf+SqEr3jTUp32RrPtiGcqtAcU="
    "resolved" "https://registry.nlark.com/param-case/download/param-case-3.0.4.tgz"
    "version" "3.0.4"
    dependencies:
      "dot-case" "^3.0.4"
      "tslib" "^2.0.3"
  
  "parse-node-version@^1.0.1":
    "integrity" "sha1-4rXb7eAOf6m8NjYH9TMn6LBzGJs="
    "resolved" "https://registry.npm.taobao.org/parse-node-version/download/parse-node-version-1.0.1.tgz"
    "version" "1.0.1"
  
  "pascal-case@^3.1.2":
    "integrity" "sha1-tI4O8rmOIF58Ha50fQsVCCN2YOs="
    "resolved" "https://registry.npm.taobao.org/pascal-case/download/pascal-case-3.1.2.tgz?cache=0&sync_timestamp=1606867325163&other_urls=https%3A%2F%2Fregistry.npm.taobao.org%2Fpascal-case%2Fdownload%2Fpascal-case-3.1.2.tgz"
    "version" "3.1.2"
    dependencies:
      "no-case" "^3.0.4"
      "tslib" "^2.0.3"
  
  "path-case@^3.0.4":
    "integrity" "sha1-kWhkUzTrlCZYN1xW+AtMDLX4LG8="
    "resolved" "https://registry.nlark.com/path-case/download/path-case-3.0.4.tgz"
    "version" "3.0.4"
    dependencies:
      "dot-case" "^3.0.4"
      "tslib" "^2.0.3"
  
  "path-parse@^1.0.6":
    "integrity" "sha1-+8EUtgykKzDZ2vWFjkvWi77bZzU="
    "resolved" "https://registry.nlark.com/path-parse/download/path-parse-1.0.7.tgz"
    "version" "1.0.7"
  
  "picomatch@^2.2.2":
    "integrity" "sha1-8fBh3o9qS/AiiS4tEoI0+5gwKXI="
    "resolved" "https://registry.nlark.com/picomatch/download/picomatch-2.3.0.tgz?cache=0&sync_timestamp=1621648246651&other_urls=https%3A%2F%2Fregistry.nlark.com%2Fpicomatch%2Fdownload%2Fpicomatch-2.3.0.tgz"
    "version" "2.3.0"
  
  "pify@^4.0.1":
    "integrity" "sha1-SyzSXFDVmHNcUCkiJP2MbfQeMjE="
    "resolved" "https://registry.npm.taobao.org/pify/download/pify-4.0.1.tgz"
    "version" "4.0.1"
  
  "postcss-modules-extract-imports@^3.0.0":
    "integrity" "sha1-zaHwR8CugMl9vijD52pDuIAldB0="
    "resolved" "https://registry.nlark.com/postcss-modules-extract-imports/download/postcss-modules-extract-imports-3.0.0.tgz"
    "version" "3.0.0"
  
  "postcss-modules-local-by-default@^4.0.0":
    "integrity" "sha1-67tU+uFZjuz99pGgKz/zs5ClpRw="
    "resolved" "https://registry.nlark.com/postcss-modules-local-by-default/download/postcss-modules-local-by-default-4.0.0.tgz"
    "version" "4.0.0"
    dependencies:
      "icss-utils" "^5.0.0"
      "postcss-selector-parser" "^6.0.2"
      "postcss-value-parser" "^4.1.0"
  
  "postcss-modules-scope@^3.0.0":
    "integrity" "sha1-nvMVFFbTu/oSDKRImN/Kby+gHwY="
    "resolved" "https://registry.npm.taobao.org/postcss-modules-scope/download/postcss-modules-scope-3.0.0.tgz"
    "version" "3.0.0"
    dependencies:
      "postcss-selector-parser" "^6.0.4"
  
  "postcss-modules-values@^4.0.0":
    "integrity" "sha1-18Xn5ow7s8myfL9Iyguz/7RgLJw="
    "resolved" "https://registry.nlark.com/postcss-modules-values/download/postcss-modules-values-4.0.0.tgz"
    "version" "4.0.0"
    dependencies:
      "icss-utils" "^5.0.0"
  
  "postcss-modules@^4.0.0":
    "integrity" "sha1-Xnd3xaiWTqF2kZ2QsuVO+JEyHOU="
    "resolved" "https://registry.nlark.com/postcss-modules/download/postcss-modules-4.2.2.tgz?cache=0&sync_timestamp=1627039460598&other_urls=https%3A%2F%2Fregistry.nlark.com%2Fpostcss-modules%2Fdownload%2Fpostcss-modules-4.2.2.tgz"
    "version" "4.2.2"
    dependencies:
      "generic-names" "^2.0.1"
      "icss-replace-symbols" "^1.1.0"
      "lodash.camelcase" "^4.3.0"
      "postcss-modules-extract-imports" "^3.0.0"
      "postcss-modules-local-by-default" "^4.0.0"
      "postcss-modules-scope" "^3.0.0"
      "postcss-modules-values" "^4.0.0"
      "string-hash" "^1.1.1"
  
  "postcss-selector-parser@^6.0.2", "postcss-selector-parser@^6.0.4":
    "integrity" "sha1-LFu6gXSsL2mBq2MaQqsO5UrzMuo="
    "resolved" "https://registry.nlark.com/postcss-selector-parser/download/postcss-selector-parser-6.0.6.tgz?cache=0&sync_timestamp=1620752939806&other_urls=https%3A%2F%2Fregistry.nlark.com%2Fpostcss-selector-parser%2Fdownload%2Fpostcss-selector-parser-6.0.6.tgz"
    "version" "6.0.6"
    dependencies:
      "cssesc" "^3.0.0"
      "util-deprecate" "^1.0.2"
  
  "postcss-value-parser@^4.1.0":
    "integrity" "sha1-RD9qIM7WSBor2k+oUypuVdeJoss="
    "resolved" "https://registry.nlark.com/postcss-value-parser/download/postcss-value-parser-4.1.0.tgz?cache=0&other_urls=https%3A%2F%2Fregistry.nlark.com%2Fpostcss-value-parser%2Fdownload%2Fpostcss-value-parser-4.1.0.tgz"
    "version" "4.1.0"
  
  "postcss@^8.0.0", "postcss@^8.1.0", "postcss@^8.1.10", "postcss@^8.3.6":
    "integrity" "sha1-JzDddql5afN/U7mmCWGXvjEcxOo="
    "resolved" "https://registry.nlark.com/postcss/download/postcss-8.3.6.tgz?cache=0&sync_timestamp=1626882960231&other_urls=https%3A%2F%2Fregistry.nlark.com%2Fpostcss%2Fdownload%2Fpostcss-8.3.6.tgz"
    "version" "8.3.6"
    dependencies:
      "colorette" "^1.2.2"
      "nanoid" "^3.1.23"
      "source-map-js" "^0.6.2"
  
  "promise@^7.0.1":
    "integrity" "sha1-BktyYCsY+Q8pGSuLG8QY/9Hr078="
    "resolved" "https://registry.nlark.com/promise/download/promise-7.3.1.tgz"
    "version" "7.3.1"
    dependencies:
      "asap" "~2.0.3"
  
  "prr@~1.0.1":
    "integrity" "sha1-0/wRS6BplaRexok/SEzrHXj19HY="
    "resolved" "https://registry.nlark.com/prr/download/prr-1.0.1.tgz"
    "version" "1.0.1"
  
  "pug-attrs@^3.0.0":
    "integrity" "sha1-sQRR4DSBZeMfrRzCPr3dncc0fEE="
    "resolved" "https://registry.npm.taobao.org/pug-attrs/download/pug-attrs-3.0.0.tgz"
    "version" "3.0.0"
    dependencies:
      "constantinople" "^4.0.1"
      "js-stringify" "^1.0.2"
      "pug-runtime" "^3.0.0"
  
  "pug-code-gen@^3.0.2":
    "integrity" "sha1-rRkPSUMTO/GGtguA3kgxAOEy4s4="
    "resolved" "https://registry.npm.taobao.org/pug-code-gen/download/pug-code-gen-3.0.2.tgz"
    "version" "3.0.2"
    dependencies:
      "constantinople" "^4.0.1"
      "doctypes" "^1.1.0"
      "js-stringify" "^1.0.2"
      "pug-attrs" "^3.0.0"
      "pug-error" "^2.0.0"
      "pug-runtime" "^3.0.0"
      "void-elements" "^3.1.0"
      "with" "^7.0.0"
  
  "pug-error@^2.0.0":
    "integrity" "sha1-XGIXPLCcNN4qLOBPF7it/sdNjKU="
    "resolved" "https://registry.npm.taobao.org/pug-error/download/pug-error-2.0.0.tgz"
    "version" "2.0.0"
  
  "pug-filters@^4.0.0":
    "integrity" "sha1-0+Sa9bqEcum3pm2YDnB86dLMm14="
    "resolved" "https://registry.npm.taobao.org/pug-filters/download/pug-filters-4.0.0.tgz"
    "version" "4.0.0"
    dependencies:
      "constantinople" "^4.0.1"
      "jstransformer" "1.0.0"
      "pug-error" "^2.0.0"
      "pug-walk" "^2.0.0"
      "resolve" "^1.15.1"
  
  "pug-lexer@^5.0.1":
    "integrity" "sha1-rkRijFvvmxkLZlaDsojKkCS4sNU="
    "resolved" "https://registry.npm.taobao.org/pug-lexer/download/pug-lexer-5.0.1.tgz"
    "version" "5.0.1"
    dependencies:
      "character-parser" "^2.2.0"
      "is-expression" "^4.0.0"
      "pug-error" "^2.0.0"
  
  "pug-linker@^4.0.0":
    "integrity" "sha1-EsvAWU/Fo+Brn8Web5PBRpYqdwg="
    "resolved" "https://registry.npm.taobao.org/pug-linker/download/pug-linker-4.0.0.tgz"
    "version" "4.0.0"
    dependencies:
      "pug-error" "^2.0.0"
      "pug-walk" "^2.0.0"
  
  "pug-load@^3.0.0":
    "integrity" "sha1-n9nNpSICsIrbEdJWgfufNL1BtmI="
    "resolved" "https://registry.npm.taobao.org/pug-load/download/pug-load-3.0.0.tgz"
    "version" "3.0.0"
    dependencies:
      "object-assign" "^4.1.1"
      "pug-walk" "^2.0.0"
  
  "pug-parser@^6.0.0":
    "integrity" "sha1-qP3ANYY6lbLB3F6/Ts+AtOdqEmA="
    "resolved" "https://registry.npm.taobao.org/pug-parser/download/pug-parser-6.0.0.tgz"
    "version" "6.0.0"
    dependencies:
      "pug-error" "^2.0.0"
      "token-stream" "1.0.0"
  
  "pug-runtime@^3.0.0", "pug-runtime@^3.0.1":
    "integrity" "sha1-9jaXYgRyPzWoxfb61qzaKhkbg9c="
    "resolved" "https://registry.npm.taobao.org/pug-runtime/download/pug-runtime-3.0.1.tgz"
    "version" "3.0.1"
  
  "pug-strip-comments@^2.0.0":
    "integrity" "sha1-+UsH/WtJVSMzD0kKf1VLT/h2MD4="
    "resolved" "https://registry.npm.taobao.org/pug-strip-comments/download/pug-strip-comments-2.0.0.tgz"
    "version" "2.0.0"
    dependencies:
      "pug-error" "^2.0.0"
  
  "pug-walk@^2.0.0":
    "integrity" "sha1-QXqrwpIyu0SZtbUGmistKiTV9f4="
    "resolved" "https://registry.npm.taobao.org/pug-walk/download/pug-walk-2.0.0.tgz"
    "version" "2.0.0"
  
  "pug@^3.0.2":
    "integrity" "sha1-81xxBzQ0VOQ7wnrg/3bHMbeOpTU="
    "resolved" "https://registry.npm.taobao.org/pug/download/pug-3.0.2.tgz"
    "version" "3.0.2"
    dependencies:
      "pug-code-gen" "^3.0.2"
      "pug-filters" "^4.0.0"
      "pug-lexer" "^5.0.1"
      "pug-linker" "^4.0.0"
      "pug-load" "^3.0.0"
      "pug-parser" "^6.0.0"
      "pug-runtime" "^3.0.1"
      "pug-strip-comments" "^2.0.0"
  
  "request-light@^0.5.4":
    "integrity" "sha1-SXqYxtiuSVNkF6Xi1/ODuTTz44w="
    "resolved" "https://registry.nlark.com/request-light/download/request-light-0.5.4.tgz"
    "version" "0.5.4"
  
  "resolve@^1.15.1", "resolve@^1.20.0":
    "integrity" "sha1-YpoBP7P3B1XW8LeTXMHCxTeLGXU="
    "resolved" "https://registry.nlark.com/resolve/download/resolve-1.20.0.tgz"
    "version" "1.20.0"
    dependencies:
      "is-core-module" "^2.2.0"
      "path-parse" "^1.0.6"
  
  "rollup@^2.38.5":
    "integrity" "sha1-ZqREZI4vtgPY4ynnemHGCKZRD9o="
    "resolved" "https://registry.nlark.com/rollup/download/rollup-2.55.1.tgz"
    "version" "2.55.1"
    optionalDependencies:
      "fsevents" "~2.3.2"
  
  "safer-buffer@>= 2.1.2 < 3":
    "integrity" "sha1-RPoWGwGHuVSd2Eu5GAL5vYOFzWo="
    "resolved" "https://registry.nlark.com/safer-buffer/download/safer-buffer-2.1.2.tgz"
    "version" "2.1.2"
  
  "sax@^1.2.4":
    "integrity" "sha1-KBYjTiN4vdxOU1T6tcqold9xANk="
    "resolved" "https://registry.npm.taobao.org/sax/download/sax-1.2.4.tgz"
    "version" "1.2.4"
  
  "semver@^5.6.0":
    "integrity" "sha1-qVT5Ma66UI0we78Gnv8MAclhFvc="
    "resolved" "https://registry.nlark.com/semver/download/semver-5.7.1.tgz?cache=0&sync_timestamp=1618847119601&other_urls=https%3A%2F%2Fregistry.nlark.com%2Fsemver%2Fdownload%2Fsemver-5.7.1.tgz"
    "version" "5.7.1"
  
  "sentence-case@^3.0.4":
    "integrity" "sha1-NkWnuMEXx4f96HAgViJbtipFEx8="
    "resolved" "https://registry.npm.taobao.org/sentence-case/download/sentence-case-3.0.4.tgz?cache=0&sync_timestamp=1606867325535&other_urls=https%3A%2F%2Fregistry.npm.taobao.org%2Fsentence-case%2Fdownload%2Fsentence-case-3.0.4.tgz"
    "version" "3.0.4"
    dependencies:
      "no-case" "^3.0.4"
      "tslib" "^2.0.3"
      "upper-case-first" "^2.0.2"
  
  "snake-case@^3.0.4":
    "integrity" "sha1-Tyu9Vo6ZNavf1ZPzTGkdrbScRSw="
    "resolved" "https://registry.nlark.com/snake-case/download/snake-case-3.0.4.tgz"
    "version" "3.0.4"
    dependencies:
      "dot-case" "^3.0.4"
      "tslib" "^2.0.3"
  
  "source-map-js@^0.6.2":
    "integrity" "sha1-C7XeYxtBz72mz7qL0FqA79/SOF4="
    "resolved" "https://registry.nlark.com/source-map-js/download/source-map-js-0.6.2.tgz"
    "version" "0.6.2"
  
  "source-map@^0.6.1", "source-map@~0.6.0":
    "integrity" "sha1-dHIq8y6WFOnCh6jQu95IteLxomM="
    "resolved" "https://registry.nlark.com/source-map/download/source-map-0.6.1.tgz"
    "version" "0.6.1"
  
  "sourcemap-codec@^1.4.4":
    "integrity" "sha1-6oBL2UhXQC5pktBaOO8a41qatMQ="
    "resolved" "https://registry.nlark.com/sourcemap-codec/download/sourcemap-codec-1.4.8.tgz"
    "version" "1.4.8"
  
  "string-hash@^1.1.1":
    "integrity" "sha1-6Kr8CsGFW0Zmkp7X3RJ1311sgRs="
    "resolved" "https://registry.nlark.com/string-hash/download/string-hash-1.1.3.tgz?cache=0&sync_timestamp=1618847134046&other_urls=https%3A%2F%2Fregistry.nlark.com%2Fstring-hash%2Fdownload%2Fstring-hash-1.1.3.tgz"
    "version" "1.1.3"
  
  "to-fast-properties@^2.0.0":
    "integrity" "sha1-3F5pjL0HkmW8c+A3doGk5Og/YW4="
    "resolved" "https://registry.nlark.com/to-fast-properties/download/to-fast-properties-2.0.0.tgz"
    "version" "2.0.0"
  
  "token-stream@1.0.0":
    "integrity" "sha1-zCAOqyYT9BZtJ/+a/HylbUnfbrQ="
    "resolved" "https://registry.npm.taobao.org/token-stream/download/token-stream-1.0.0.tgz"
    "version" "1.0.0"
  
  "tslib@^1.10.0":
    "integrity" "sha1-zy04vcNKE0vK8QkcQfZhni9nLQA="
    "resolved" "https://registry.nlark.com/tslib/download/tslib-1.14.1.tgz"
    "version" "1.14.1"
  
  "tslib@^2.0.3":
    "integrity" "sha1-gDuM2rPhK6WBpMpByIObuw2ssJ4="
    "resolved" "https://registry.nlark.com/tslib/download/tslib-2.3.0.tgz?cache=0&other_urls=https%3A%2F%2Fregistry.nlark.com%2Ftslib%2Fdownload%2Ftslib-2.3.0.tgz"
    "version" "2.3.0"
  
  "typescript@*", "typescript@^4.3.2":
    "integrity" "sha1-TRw3zBbok5c8RaBohrcRMjTxGfQ="
    "resolved" "https://registry.nlark.com/typescript/download/typescript-4.3.5.tgz?cache=0&sync_timestamp=1628061292964&other_urls=https%3A%2F%2Fregistry.nlark.com%2Ftypescript%2Fdownload%2Ftypescript-4.3.5.tgz"
    "version" "4.3.5"
  
  "upath@^2.0.1":
    "integrity" "sha1-UMc96mjW9rmQ9R0nnOYIFmXWGos="
    "resolved" "https://registry.npm.taobao.org/upath/download/upath-2.0.1.tgz"
    "version" "2.0.1"
  
  "upper-case-first@^2.0.2":
    "integrity" "sha1-mSwyc/iCq9GdHgKJTMFHEX+EQyQ="
    "resolved" "https://registry.npm.taobao.org/upper-case-first/download/upper-case-first-2.0.2.tgz?cache=0&sync_timestamp=1606867326586&other_urls=https%3A%2F%2Fregistry.npm.taobao.org%2Fupper-case-first%2Fdownload%2Fupper-case-first-2.0.2.tgz"
    "version" "2.0.2"
    dependencies:
      "tslib" "^2.0.3"
  
  "upper-case@^2.0.2":
    "integrity" "sha1-2JgQgj+qsd8VSbfZenb4Ziuub3o="
    "resolved" "https://registry.nlark.com/upper-case/download/upper-case-2.0.2.tgz"
    "version" "2.0.2"
    dependencies:
      "tslib" "^2.0.3"
  
  "util-deprecate@^1.0.2":
    "integrity" "sha1-RQ1Nyfpw3nMnYvvS1KKJgUGaDM8="
    "resolved" "https://registry.nlark.com/util-deprecate/download/util-deprecate-1.0.2.tgz"
    "version" "1.0.2"
  
  "vant@^3.1.5":
    "integrity" "sha1-PoC1uKhDHQwiIRKf6onEzCGm8rI="
    "resolved" "https://registry.nlark.com/vant/download/vant-3.1.5.tgz?cache=0&other_urls=https%3A%2F%2Fregistry.nlark.com%2Fvant%2Fdownload%2Fvant-3.1.5.tgz"
    "version" "3.1.5"
    dependencies:
      "@vant/icons" "^1.7.0"
      "@vant/lazyload" "^1.2.0"
      "@vant/popperjs" "^1.1.0"
      "@vant/use" "^1.2.2"
  
  "vite-plugin-style-import@^1.1.0":
    "integrity" "sha1-lAX+aoZigzIY1kGCz6GXP/wE5vo="
    "resolved" "https://registry.nlark.com/vite-plugin-style-import/download/vite-plugin-style-import-1.1.0.tgz"
    "version" "1.1.0"
    dependencies:
      "@rollup/pluginutils" "^4.1.1"
      "change-case" "^4.1.2"
      "debug" "^4.3.2"
      "es-module-lexer" "^0.7.1"
      "magic-string" "^0.25.7"
  
  "vite@^2.4.4", "vite@>=2.0.0":
    "integrity" "sha1-jEAqB61F8Wj261Qovq048+Q2Pkc="
    "resolved" "https://registry.nlark.com/vite/download/vite-2.4.4.tgz"
    "version" "2.4.4"
    dependencies:
      "esbuild" "^0.12.8"
      "postcss" "^8.3.6"
      "resolve" "^1.20.0"
      "rollup" "^2.38.5"
    optionalDependencies:
      "fsevents" "~2.3.2"
  
  "void-elements@^3.1.0":
    "integrity" "sha1-YU9/v42AHwu18GYfWy9XhXUOTwk="
    "resolved" "https://registry.npm.taobao.org/void-elements/download/void-elements-3.1.0.tgz"
    "version" "3.1.0"
  
  "vscode-css-languageservice@^5.1.4":
    "integrity" "sha1-B+TGPxw7sG5vPzKcMrSQ0gpgG6s="
    "resolved" "https://registry.nlark.com/vscode-css-languageservice/download/vscode-css-languageservice-5.1.4.tgz"
    "version" "5.1.4"
    dependencies:
      "vscode-languageserver-textdocument" "^1.0.1"
      "vscode-languageserver-types" "^3.16.0"
      "vscode-nls" "^5.0.0"
      "vscode-uri" "^3.0.2"
  
  "vscode-emmet-helper@^2.6.4":
    "integrity" "sha1-vqR/F2Sbuia0EvPR+sGKruQ+uiU="
    "resolved" "https://registry.nlark.com/vscode-emmet-helper/download/vscode-emmet-helper-2.6.4.tgz"
    "version" "2.6.4"
    dependencies:
      "emmet" "^2.3.0"
      "jsonc-parser" "^2.3.0"
      "vscode-languageserver-textdocument" "^1.0.1"
      "vscode-languageserver-types" "^3.15.1"
      "vscode-nls" "^5.0.0"
      "vscode-uri" "^2.1.2"
  
  "vscode-html-languageservice@^4.0.7":
    "integrity" "sha1-lPLtIsghll+CgiLRO1qlQbNY2ZI="
    "resolved" "https://registry.nlark.com/vscode-html-languageservice/download/vscode-html-languageservice-4.0.7.tgz"
    "version" "4.0.7"
    dependencies:
      "vscode-languageserver-textdocument" "^1.0.1"
      "vscode-languageserver-types" "^3.16.0"
      "vscode-nls" "^5.0.0"
      "vscode-uri" "^3.0.2"
  
  "vscode-json-languageservice@^4.1.5":
    "integrity" "sha1-QnXo2vHLqAJzwxjzP796Lt4wcFM="
    "resolved" "https://registry.nlark.com/vscode-json-languageservice/download/vscode-json-languageservice-4.1.6.tgz"
    "version" "4.1.6"
    dependencies:
      "jsonc-parser" "^3.0.0"
      "vscode-languageserver-textdocument" "^1.0.1"
      "vscode-languageserver-types" "^3.16.0"
      "vscode-nls" "^5.0.0"
      "vscode-uri" "^3.0.2"
  
  "vscode-jsonrpc@^8.0.0-next.1", "vscode-jsonrpc@8.0.0-next.1":
    "integrity" "sha1-GWRoiphR+GkAxV4piTmhV7LiJK0="
    "resolved" "https://registry.nlark.com/vscode-jsonrpc/download/vscode-jsonrpc-8.0.0-next.1.tgz"
    "version" "8.0.0-next.1"
  
  "vscode-languageserver-protocol@3.17.0-next.7":
    "integrity" "sha1-IVDtuGtqUcMlADtDelIvDc/GBLQ="
    "resolved" "https://registry.nlark.com/vscode-languageserver-protocol/download/vscode-languageserver-protocol-3.17.0-next.7.tgz"
    "version" "3.17.0-next.7"
    dependencies:
      "vscode-jsonrpc" "8.0.0-next.1"
      "vscode-languageserver-types" "3.17.0-next.3"
  
  "vscode-languageserver-textdocument@^1.0.1":
    "integrity" "sha1-F4Fo6H761hcbNyrdHeo09T5dMw8="
    "resolved" "https://registry.npm.taobao.org/vscode-languageserver-textdocument/download/vscode-languageserver-textdocument-1.0.1.tgz"
    "version" "1.0.1"
  
  "vscode-languageserver-types@^3.15.1", "vscode-languageserver-types@^3.16.0":
    "integrity" "sha1-7POT/BIexpdLLaPvsxVWRMUU4kc="
    "resolved" "https://registry.nlark.com/vscode-languageserver-types/download/vscode-languageserver-types-3.16.0.tgz"
    "version" "3.16.0"
  
  "vscode-languageserver-types@3.17.0-next.3":
    "integrity" "sha1-4fQxHgjqMZPoESYVS2o0L8HD26M="
    "resolved" "https://registry.nlark.com/vscode-languageserver-types/download/vscode-languageserver-types-3.17.0-next.3.tgz"
    "version" "3.17.0-next.3"
  
  "vscode-languageserver@^8.0.0-next.1":
    "integrity" "sha1-tYRFhaz4Yqe9qrItKMnaDxUn15A="
    "resolved" "https://registry.nlark.com/vscode-languageserver/download/vscode-languageserver-8.0.0-next.1.tgz"
    "version" "8.0.0-next.1"
    dependencies:
      "vscode-languageserver-protocol" "3.17.0-next.7"
  
  "vscode-nls@^5.0.0":
    "integrity" "sha1-mfDaC9nqfNpE5WWnTFSx8rwleEA="
    "resolved" "https://registry.npm.taobao.org/vscode-nls/download/vscode-nls-5.0.0.tgz"
    "version" "5.0.0"
  
  "vscode-pug-languageservice@^0.26.10":
    "integrity" "sha1-aykwDI5yZsycI/i+MZ8jrANk2SU="
    "resolved" "https://registry.nlark.com/vscode-pug-languageservice/download/vscode-pug-languageservice-0.26.10.tgz"
    "version" "0.26.10"
    dependencies:
      "@volar/code-gen" "^0.26.10"
      "@volar/shared" "^0.26.10"
      "@volar/source-map" "^0.26.10"
      "@volar/transforms" "^0.26.10"
      "pug-lexer" "^5.0.1"
      "pug-parser" "^6.0.0"
      "vscode-languageserver" "^8.0.0-next.1"
  
  "vscode-typescript-languageservice@^0.26.10":
    "integrity" "sha1-3BMXw7ijbZdDnNoOLAhs9ugZzvQ="
    "resolved" "https://registry.nlark.com/vscode-typescript-languageservice/download/vscode-typescript-languageservice-0.26.10.tgz"
    "version" "0.26.10"
    dependencies:
      "@volar/shared" "^0.26.10"
      "upath" "^2.0.1"
      "vscode-languageserver" "^8.0.0-next.1"
      "vscode-languageserver-textdocument" "^1.0.1"
  
  "vscode-uri@^2.1.2":
    "integrity" "sha1-yNQN6T61evMfPHFd1lDiyiwJbxw="
    "resolved" "https://registry.npm.taobao.org/vscode-uri/download/vscode-uri-2.1.2.tgz"
    "version" "2.1.2"
  
  "vscode-uri@^3.0.2":
    "integrity" "sha1-7P0dBmy470w6II3s26uajCPQVdA="
    "resolved" "https://registry.npm.taobao.org/vscode-uri/download/vscode-uri-3.0.2.tgz"
    "version" "3.0.2"
  
  "vscode-vue-languageservice@^0.26.6":
    "integrity" "sha1-OfxRG7GBVDeNjUuGqw0/kEh04kM="
    "resolved" "https://registry.nlark.com/vscode-vue-languageservice/download/vscode-vue-languageservice-0.26.10.tgz"
    "version" "0.26.10"
    dependencies:
      "@volar/code-gen" "^0.26.10"
      "@volar/html2pug" "^0.26.10"
      "@volar/shared" "^0.26.10"
      "@volar/source-map" "^0.26.10"
      "@volar/transforms" "^0.26.10"
      "@vue/compiler-dom" "^3.2.0-beta.5"
      "@vue/compiler-sfc" "^3.2.0-beta.5"
      "@vue/reactivity" "^3.2.0-beta.5"
      "@vue/shared" "^3.2.0-beta.5"
      "jsonc-parser" "^3.0.0"
      "request-light" "^0.5.4"
      "upath" "^2.0.1"
      "vscode-css-languageservice" "^5.1.4"
      "vscode-emmet-helper" "^2.6.4"
      "vscode-html-languageservice" "^4.0.7"
      "vscode-json-languageservice" "^4.1.5"
      "vscode-languageserver" "^8.0.0-next.1"
      "vscode-languageserver-textdocument" "^1.0.1"
      "vscode-pug-languageservice" "^0.26.10"
      "vscode-typescript-languageservice" "^0.26.10"
  
  "vue-router@4.0.1":
    "integrity" "sha1-MJJA5QUksefU6C4n8KD6Jf49HXE="
    "resolved" "https://registry.nlark.com/vue-router/download/vue-router-4.0.1.tgz"
    "version" "4.0.1"
  
  "vue-tsc@^0.2.2":
    "integrity" "sha1-5/1eXHib6zGECtJggs/Iu2NW5zM="
    "resolved" "https://registry.nlark.com/vue-tsc/download/vue-tsc-0.2.2.tgz?cache=0&sync_timestamp=1626837915416&other_urls=https%3A%2F%2Fregistry.nlark.com%2Fvue-tsc%2Fdownload%2Fvue-tsc-0.2.2.tgz"
    "version" "0.2.2"
    dependencies:
      "vscode-vue-languageservice" "^0.26.6"
  
  "vue@^3.0.0", "vue@^3.0.5", "vue@3.1.5":
    "integrity" "sha1-EoebEdBoXuRHjIhpVReZYwpS+f4="
    "resolved" "https://registry.nlark.com/vue/download/vue-3.1.5.tgz"
    "version" "3.1.5"
    dependencies:
      "@vue/compiler-dom" "3.1.5"
      "@vue/runtime-dom" "3.1.5"
      "@vue/shared" "3.1.5"
  
  "with@^7.0.0":
    "integrity" "sha1-zO461ULSVTinp6gKrSErmChJW6w="
    "resolved" "https://registry.npm.taobao.org/with/download/with-7.0.2.tgz"
    "version" "7.0.2"
    dependencies:
      "@babel/parser" "^7.9.6"
      "@babel/types" "^7.9.6"
      "assert-never" "^1.2.1"
      "babel-walk" "3.0.0-canary-5"
  
  "yallist@^3.0.2":
    "integrity" "sha1-27fa+b/YusmrRev2ArjLrQ1dCP0="
    "resolved" "https://registry.npm.taobao.org/yallist/download/yallist-3.1.1.tgz"
    "version" "3.1.1"
